This is pdfTeX, Version 3.141592653-2.6-1.40.22 (MiKTeX 21.6) (preloaded format=pdflatex 2021.8.28)  28 AUG 2021 13:29
entering extended mode
**./deckblatt.tex
(deckblatt.tex
LaTeX2e <2021-06-01>
L3 programming layer <2021-06-01>

! LaTeX Error: Environment titlepage undefined.

See the LaTeX manual or LaTeX Companion for explanation.
Type  H <return>  for immediate help.
 ...                                              
                                                  
l.1 \begin{titlepage}
                     
Your command was ignored.
Type  I <command> <return>  to replace it with another command,
or  <return>  to continue without it.


! LaTeX Error: Missing \begin{document}.

See the LaTeX manual or LaTeX Companion for explanation.
Type  H <return>  for immediate help.
 ...                                              
                                                  
l.2 	\begin{center}
                   
You're in trouble here.  Try typing  <return>  to proceed.
If that doesn't work, type  X <return>  to quit.


Overfull \hbox (20.0pt too wide) in paragraph at lines 2--2
[] 
 []


! LaTeX Error: Environment figure undefined.

See the LaTeX manual or LaTeX Companion for explanation.
Type  H <return>  for immediate help.
 ...                                              
                                                  
l.3 		\begin{figure}
                    
Your command was ignored.
Type  I <command> <return>  to replace it with another command,
or  <return>  to continue without it.

! Undefined control sequence.
<argument> \includegraphics 
                            [height=35pt]{img/thm3.png}
l.4 ...includegraphics[height=35pt]{img/thm3.png}}
                                                  	
The control sequence at the end of the top line
of your error message was never \def'ed. If you have
misspelled it (e.g., `\hobx'), type `I' and the correct
spelling (e.g., `I\hbox'). Otherwise just continue,
and I'll forget about whatever was undefined.

Missing character: There is no [ in font nullfont!
Missing character: There is no h in font nullfont!
Missing character: There is no e in font nullfont!
Missing character: There is no i in font nullfont!
Missing character: There is no g in font nullfont!
Missing character: There is no h in font nullfont!
Missing character: There is no t in font nullfont!
Missing character: There is no = in font nullfont!
Missing character: There is no 3 in font nullfont!
Missing character: There is no 5 in font nullfont!
Missing character: There is no p in font nullfont!
Missing character: There is no t in font nullfont!
Missing character: There is no ] in font nullfont!
Missing character: There is no i in font nullfont!
Missing character: There is no m in font nullfont!
Missing character: There is no g in font nullfont!
Missing character: There is no / in font nullfont!
Missing character: There is no t in font nullfont!
Missing character: There is no h in font nullfont!
Missing character: There is no m in font nullfont!
Missing character: There is no 3 in font nullfont!
Missing character: There is no . in font nullfont!
Missing character: There is no p in font nullfont!
Missing character: There is no n in font nullfont!
Missing character: There is no g in font nullfont!

! LaTeX Error: \begin{center} on input line 2 ended by \end{figure}.

See the LaTeX manual or LaTeX Companion for explanation.
Type  H <return>  for immediate help.
 ...                                              
                                                  
l.6 		\end{figure}
                  
Your command was ignored.
Type  I <command> <return>  to replace it with another command,
or  <return>  to continue without it.

! Undefined control sequence.
l.8 		\Huge
           
The control sequence at the end of the top line
of your error message was never \def'ed. If you have
misspelled it (e.g., `\hobx'), type `I' and the correct
spelling (e.g., `I\hbox'). Otherwise just continue,
and I'll forget about whatever was undefined.


Overfull \hbox (30.86095pt too wide) in paragraph at lines 4--9
 \OT1/cmr/bx/n/10 Doku- 
 []


Overfull \hbox (25.07626pt too wide) in paragraph at lines 4--9
 \OT1/cmr/bx/n/10 men- 
 []


Overfull \hbox (13.89574pt too wide) in paragraph at lines 4--9
 \OT1/cmr/bx/n/10 ta- 
 []


Overfull \hbox (19.80545pt too wide) in paragraph at lines 4--9
 \OT1/cmr/bx/n/10 tion 
 []

! Undefined control sequence.
l.11 		\Huge
            	
The control sequence at the end of the top line
of your error message was never \def'ed. If you have
misspelled it (e.g., `\hobx'), type `I' and the correct
spelling (e.g., `I\hbox'). Otherwise just continue,
and I'll forget about whatever was undefined.


Overfull \hbox (23.5554pt too wide) in paragraph at lines 13--13
 []\OT1/cmr/m/it/10 MCU 
 []


Overfull \hbox (22.37207pt too wide) in paragraph at lines 13--13
 \OT1/cmr/m/it/10 Rally 
 []


Overfull \hbox (17.55959pt too wide) in paragraph at lines 13--13
 \OT1/cmr/m/it/10 Car 
 []

! Undefined control sequence.
l.16 		\Large
             
The control sequence at the end of the top line
of your error message was never \def'ed. If you have
misspelled it (e.g., `\hobx'), type `I' and the correct
spelling (e.g., `I\hbox'). Otherwise just continue,
and I'll forget about whatever was undefined.


Overfull \hbox (32.04149pt too wide) in paragraph at lines 17--17
 []\OT1/cmr/bx/n/10 II2008 
 []


Overfull \hbox (28.36928pt too wide) in paragraph at lines 17--17
 \OT1/cmr/bx/n/10 Phys- 
 []


Overfull \hbox (7.02774pt too wide) in paragraph at lines 17--17
 \OT1/cmr/bx/n/10 i- 
 []


Overfull \hbox (13.89574pt too wide) in paragraph at lines 17--17
 \OT1/cmr/bx/n/10 cal 
 []


Overfull \hbox (27.47208pt too wide) in paragraph at lines 17--17
 \OT1/cmr/bx/n/10 Com- 
 []


Overfull \hbox (21.08322pt too wide) in paragraph at lines 17--17
 \OT1/cmr/bx/n/10 put- 
 []


Overfull \hbox (15.49298pt too wide) in paragraph at lines 17--17
 \OT1/cmr/bx/n/10 ing 
 []

! Undefined control sequence.
l.20 		\large
             
The control sequence at the end of the top line
of your error message was never \def'ed. If you have
misspelled it (e.g., `\hobx'), type `I' and the correct
spelling (e.g., `I\hbox'). Otherwise just continue,
and I'll forget about whatever was undefined.


Overfull \hbox (59.7913pt too wide) in paragraph at lines 21--21
 []\OT1/cmr/bx/n/10 Mohammad 
 []


Overfull \hbox (27.06233pt too wide) in paragraph at lines 21--21
 \OT1/cmr/bx/n/10 Alay- 
 []


Overfull \hbox (18.52768pt too wide) in paragraph at lines 21--21
 \OT1/cmr/bx/n/10 oub 
 []


Overfull \hbox (31.49973pt too wide) in paragraph at lines 22--22
 []\OT1/cmtt/m/n/10 E-Mail 
 []


Overfull \hbox (28.54286pt too wide) in paragraph at lines 23--23
 []\OT1/cmr/bx/n/10 Lucas 
 []


Overfull \hbox (36.68036pt too wide) in paragraph at lines 23--23
 \OT1/cmr/bx/n/10 Schafer 
 []


Overfull \hbox (131.24886pt too wide) in paragraph at lines 24--24
 []\OT1/cmtt/m/n/10 lucas.schaefer@mni.thm.de 
 []


Overfull \hbox (69.65237pt too wide) in paragraph at lines 25--25
 []\OT1/cmr/bx/n/10 Abdulrahman 
 []


Overfull \hbox (20.77766pt too wide) in paragraph at lines 25--25
 \OT1/cmr/bx/n/10 Tibi 
 []


Overfull \hbox (31.49973pt too wide) in paragraph at lines 26--26
 []\OT1/cmtt/m/n/10 E-Mail 
 []


Overfull \hbox (22.71513pt too wide) in paragraph at lines 27--27
 []\OT1/cmr/bx/n/10 Paul 
 []


Overfull \hbox (17.58324pt too wide) in paragraph at lines 27--27
 \OT1/cmr/bx/n/10 Till 
 []


Overfull \hbox (25.88875pt too wide) in paragraph at lines 27--27
 \OT1/cmr/bx/n/10 Tolk- 
 []


Overfull \hbox (21.7221pt too wide) in paragraph at lines 27--27
 \OT1/cmr/bx/n/10 mitt 
 []


Overfull \hbox (152.24867pt too wide) in paragraph at lines 28--28
 []\OT1/cmtt/m/n/10 paul.till.tolkmitt@mni.thm.de 
 []


Overfull \hbox (50.34697pt too wide) in paragraph at lines 32--32
 []\OT1/cmr/bx/n/10 Dozenten: 
 []

Missing character: There is no P in font nullfont!
Missing character: There is no r in font nullfont!
Missing character: There is no o in font nullfont!
Missing character: There is no f in font nullfont!
Missing character: There is no . in font nullfont!
Missing character: There is no D in font nullfont!
Missing character: There is no r in font nullfont!
Missing character: There is no . in font nullfont!
Missing character: There is no - in font nullfont!
Missing character: There is no I in font nullfont!
Missing character: There is no n in font nullfont!
Missing character: There is no g in font nullfont!
Missing character: There is no . in font nullfont!
Missing character: There is no D in font nullfont!
Missing character: There is no i in font nullfont!
Missing character: There is no p in font nullfont!
Missing character: There is no l in font nullfont!
Missing character: There is no . in font nullfont!
Missing character: There is no - in font nullfont!
Missing character: There is no W in font nullfont!
Missing character: There is no i in font nullfont!
Missing character: There is no r in font nullfont!
Missing character: There is no t in font nullfont!
Missing character: There is no . in font nullfont!
Missing character: There is no I in font nullfont!
Missing character: There is no n in font nullfont!
Missing character: There is no g in font nullfont!
Missing character: There is no . in font nullfont!
Missing character: There is no D in font nullfont!
Missing character: There is no i in font nullfont!
Missing character: There is no e in font nullfont!
Missing character: There is no t in font nullfont!
Missing character: There is no h in font nullfont!
Missing character: There is no e in font nullfont!
Missing character: There is no l in font nullfont!
Missing character: There is no m in font nullfont!
Missing character: There is no B in font nullfont!
Missing character: There is no i in font nullfont!
Missing character: There is no e in font nullfont!
Missing character: There is no n in font nullfont!
Missing character: There is no h in font nullfont!
Missing character: There is no a in font nullfont!
Missing character: There is no u in font nullfont!
Missing character: There is no s in font nullfont!
Missing character: There is no A in font nullfont!
Missing character: There is no n in font nullfont!
Missing character: There is no d in font nullfont!
Missing character: There is no r in font nullfont!
Missing character: There is no e in font nullfont!
Missing character: There is no a in font nullfont!
Missing character: There is no s in font nullfont!
Missing character: There is no E in font nullfont!
Missing character: There is no b in font nullfont!
Missing character: There is no n in font nullfont!
Missing character: There is no e in font nullfont!
Missing character: There is no r in font nullfont!
Missing character: There is no , in font nullfont!
Missing character: There is no M in font nullfont!
Missing character: There is no . in font nullfont!
Missing character: There is no S in font nullfont!
Missing character: There is no c in font nullfont!
Missing character: There is no . in font nullfont!
! Undefined control sequence.
l.38 		\large
             
The control sequence at the end of the top line
of your error message was never \def'ed. If you have
misspelled it (e.g., `\hobx'), type `I' and the correct
spelling (e.g., `I\hbox'). Otherwise just continue,
and I'll forget about whatever was undefined.

Missing character: There is no F in font nullfont!
Missing character: There is no a in font nullfont!
Missing character: There is no c in font nullfont!
Missing character: There is no h in font nullfont!
Missing character: There is no b in font nullfont!
Missing character: There is no e in font nullfont!
Missing character: There is no r in font nullfont!
Missing character: There is no e in font nullfont!
Missing character: There is no i in font nullfont!
Missing character: There is no c in font nullfont!
Missing character: There is no h in font nullfont!
Missing character: There is no M in font nullfont!
Missing character: There is no N in font nullfont!
Missing character: There is no I in font nullfont!
Missing character: There is no T in font nullfont!
Missing character: There is no e in font nullfont!
Missing character: There is no c in font nullfont!
Missing character: There is no h in font nullfont!
Missing character: There is no n in font nullfont!
Missing character: There is no i in font nullfont!
Missing character: There is no s in font nullfont!
Missing character: There is no c in font nullfont!
Missing character: There is no h in font nullfont!
Missing character: There is no e in font nullfont!
Missing character: There is no H in font nullfont!
Missing character: There is no o in font nullfont!
Missing character: There is no c in font nullfont!
Missing character: There is no h in font nullfont!
Missing character: There is no s in font nullfont!
Missing character: There is no c in font nullfont!
Missing character: There is no h in font nullfont!
Missing character: There is no u in font nullfont!
Missing character: There is no l in font nullfont!
Missing character: There is no e in font nullfont!
Missing character: There is no M in font nullfont!
Missing character: There is no i in font nullfont!
Missing character: There is no t in font nullfont!
Missing character: There is no t in font nullfont!
Missing character: There is no e in font nullfont!
Missing character: There is no l in font nullfont!
Missing character: There is no h in font nullfont!
Missing character: There is no e in font nullfont!
Missing character: There is no s in font nullfont!
Missing character: There is no s in font nullfont!
Missing character: There is no e in font nullfont!
Missing character: There is no n in font nullfont!
Missing character: There is no , in font nullfont!
Missing character: There is no G in font nullfont!
Missing character: There is no i in font nullfont!
Missing character: There is no e in font nullfont!
Missing character: There is no e in font nullfont!
Missing character: There is no n in font nullfont!

Overfull \hbox (5.00002pt too wide) in paragraph at lines 40--40
 \OT1/cmr/m/n/10  
 []

Missing character: There is no 3 in font nullfont!
Missing character: There is no 0 in font nullfont!
Missing character: There is no . in font nullfont!
Missing character: There is no 0 in font nullfont!
Missing character: There is no 8 in font nullfont!
Missing character: There is no . in font nullfont!
Missing character: There is no 2 in font nullfont!
Missing character: There is no 0 in font nullfont!
Missing character: There is no 2 in font nullfont!
Missing character: There is no 1 in font nullfont!

! LaTeX Error: \begin{document} ended by \end{titlepage}.

See the LaTeX manual or LaTeX Companion for explanation.
Type  H <return>  for immediate help.
 ...                                              
                                                  
l.44 \end{titlepage}
                    
Your command was ignored.
Type  I <command> <return>  to replace it with another command,
or  <return>  to continue without it.

)
! Emergency stop.
<*> ./deckblatt.tex
                   
*** (job aborted, no legal \end found)

 
Here is how much of TeX's memory you used:
 31 strings out of 478864
 696 string characters out of 2849134
 294975 words of memory out of 3000000
 18053 multiletter control sequences out of 15000+600000
 404252 words of font info for 30 fonts, out of 8000000 for 9000
 1141 hyphenation exceptions out of 8191
 15i,1n,13p,119b,128s stack positions out of 5000i,500n,10000p,200000b,80000s
!  ==> Fatal error occurred, no output PDF file produced!
